[2020-11-17 10:01:34,832] - [INFO] - 手机设备为：ea29b52f
[2020-11-17 10:01:34,917] - [INFO] - 手机版本号为：10

[2020-11-17 10:01:50,888] - [INFO] - 获取driver成功
[2020-11-17 10:02:58,723] - [ERROR] - 未定位到元素：com.sohu.focus.live:id/live_publisher_close_bt
[2020-11-17 10:03:23,097] - [INFO] - 手机设备为：ea29b52f
[2020-11-17 10:03:23,173] - [INFO] - 手机版本号为：10

[2020-11-17 10:03:38,926] - [INFO] - 获取driver成功
[2020-11-17 10:28:16,016] - [INFO] - 手机设备为：ea29b52f
[2020-11-17 10:28:16,124] - [INFO] - 手机版本号为：10

[2020-11-17 10:28:32,042] - [INFO] - 获取driver成功
[2020-11-17 10:29:00,440] - [ERROR] - 未查找到toast：用户名或密码错误
[2020-11-17 10:29:37,415] - [INFO] - 手机设备为：ea29b52f
[2020-11-17 10:29:37,490] - [INFO] - 手机版本号为：10

[2020-11-17 10:29:54,543] - [INFO] - 获取driver成功
[2020-11-17 10:30:01,232] - [ERROR] - 未定位到元素：com.sohu.focus.live:id/choose_location_city
[2020-11-17 10:30:15,856] - [INFO] - 手机设备为：ea29b52f
[2020-11-17 10:30:15,977] - [INFO] - 手机版本号为：10

[2020-11-17 10:30:31,967] - [INFO] - 获取driver成功
[2020-11-17 10:30:53,629] - [INFO] - 查找到toast：用户名或密码错误
[2020-11-17 10:34:27,728] - [INFO] - 手机设备为：ea29b52f
[2020-11-17 10:34:27,860] - [INFO] - 手机版本号为：10

[2020-11-17 10:34:43,786] - [INFO] - 获取driver成功
[2020-11-17 10:35:09,796] - [ERROR] - 未定位到元素：com.sohu.focus.live:id/guide_start
[2020-11-17 11:38:32,122] - [INFO] - 手机设备为：ea29b52f
[2020-11-17 11:38:32,229] - [INFO] - 手机版本号为：10

[2020-11-17 11:38:48,144] - [INFO] - 获取driver成功
[2020-11-17 11:39:28,550] - [ERROR] - 未定位到元素：com.sohu.focus.live:id/login_to_account_auth
[2020-11-17 11:40:00,999] - [INFO] - 手机设备为：ea29b52f
[2020-11-17 11:40:01,101] - [INFO] - 手机版本号为：10

[2020-11-17 11:40:18,220] - [INFO] - 获取driver成功
[2020-11-17 11:40:29,809] - [ERROR] - 未定位到元素：/hierarchy/android.widget.FrameLayout/android.widget.LinearLayout/android.widget.FrameLayout/android.widget.LinearLayout/android.widget.FrameLayout/android.widget.FrameLayout/android.widget.TabHost/android.widget.LinearLayout/android.widget.TabWidget/android.widget.RelativeLayout[4]
[2020-11-17 11:40:29,867] - [ERROR] - 未定位到元素：/hierarchy/android.widget.FrameLayout/android.widget.LinearLayout/android.widget.FrameLayout/android.widget.LinearLayout/android.widget.FrameLayout/android.widget.FrameLayout/android.widget.TabHost/android.widget.LinearLayout/android.widget.TabWidget/android.widget.RelativeLayout[4]
[2020-11-17 11:40:55,990] - [INFO] - 手机设备为：ea29b52f
[2020-11-17 11:40:56,075] - [INFO] - 手机版本号为：10

[2020-11-17 11:41:12,009] - [INFO] - 获取driver成功
[2020-11-17 11:41:51,186] - [INFO] - 查找到toast：用户名或密码错误
[2020-11-17 14:24:45,602] - [INFO] - 手机设备为：ea29b52f
[2020-11-17 14:24:45,721] - [INFO] - 手机版本号为：10

[2020-11-17 14:25:02,654] - [INFO] - 获取driver成功
[2020-11-17 14:25:38,817] - [INFO] - 查找到toast：用户名或密码错误
[2020-11-17 14:29:59,847] - [INFO] - 手机设备为：ea29b52f
[2020-11-17 14:29:59,970] - [INFO] - 手机版本号为：10

[2020-11-17 14:30:16,014] - [INFO] - 获取driver成功
[2020-11-17 14:30:42,596] - [ERROR] - 未找到yaml文件
[2020-11-17 14:31:43,852] - [INFO] - 手机设备为：ea29b52f
[2020-11-17 14:31:43,951] - [INFO] - 手机版本号为：10

[2020-11-17 14:31:59,734] - [INFO] - 获取driver成功
[2020-11-17 14:32:05,689] - [ERROR] - 未定位到元素：/hierarchy/android.widget.FrameLayout/android.widget.LinearLayout/android.widget.FrameLayout/android.widget.LinearLayout/android.widget.FrameLayout/android.widget.FrameLayout/android.widget.TabHost/android.widget.LinearLayout/android.widget.TabWidget/android.widget.RelativeLayout[4]
[2020-11-17 14:32:05,715] - [ERROR] - 未找到yaml文件
[2020-11-17 14:44:59,337] - [INFO] - 手机设备为：ea29b52f
[2020-11-17 14:44:59,444] - [INFO] - 手机版本号为：10

[2020-11-17 14:45:15,522] - [INFO] - 获取driver成功
[2020-11-17 14:45:41,281] - [ERROR] - 未找到yaml文件
[2020-11-17 14:48:48,470] - [INFO] - 手机设备为：ea29b52f
[2020-11-17 14:48:48,566] - [INFO] - 手机版本号为：10

[2020-11-17 14:49:04,711] - [INFO] - 获取driver成功
[2020-11-17 14:49:29,284] - [ERROR] - 未找到yaml文件
[2020-11-17 14:53:20,433] - [INFO] - 手机设备为：ea29b52f
[2020-11-17 14:53:20,536] - [INFO] - 手机版本号为：10

[2020-11-17 14:53:36,486] - [INFO] - 获取driver成功
[2020-11-17 14:54:05,244] - [ERROR] - 未找到yaml文件
[2020-11-17 14:56:52,780] - [INFO] - 手机设备为：ea29b52f
[2020-11-17 14:56:52,879] - [INFO] - 手机版本号为：10

[2020-11-17 14:57:08,973] - [INFO] - 获取driver成功
[2020-11-17 14:57:37,164] - [ERROR] - 未找到yaml文件
[2020-11-17 15:01:54,005] - [INFO] - 手机设备为：ea29b52f
[2020-11-17 15:01:54,116] - [INFO] - 手机版本号为：10

[2020-11-17 15:02:09,756] - [INFO] - 获取driver成功
[2020-11-17 15:02:52,459] - [INFO] - 查找到toast：用户名或密码错误
[2020-11-17 15:03:04,263] - [INFO] - 手机设备为：ea29b52f
[2020-11-17 15:03:04,362] - [INFO] - 手机版本号为：10

[2020-11-17 15:03:21,391] - [INFO] - 获取driver成功
[2020-11-17 15:03:52,753] - [ERROR] - 未定位到元素：com.sohu.focus.live:id/login_account_phone_num
[2020-11-17 15:04:25,820] - [INFO] - 手机设备为：ea29b52f
[2020-11-17 15:04:25,933] - [INFO] - 手机版本号为：10

[2020-11-17 15:04:37,549] - [WARNING] - 获取driver失败
[2020-11-17 15:05:22,110] - [INFO] - 手机设备为：ea29b52f
[2020-11-17 15:05:22,218] - [INFO] - 手机版本号为：10

[2020-11-17 15:05:39,094] - [INFO] - 获取driver成功
[2020-11-17 15:06:18,734] - [INFO] - 查找到toast：用户名或密码错误
[2020-11-17 15:09:00,739] - [INFO] - 手机设备为：ea29b52f
[2020-11-17 15:09:00,858] - [INFO] - 手机版本号为：10

[2020-11-17 15:09:16,677] - [INFO] - 获取driver成功
[2020-11-17 15:09:36,941] - [ERROR] - 未定位到元素：/hierarchy/android.widget.FrameLayout/android.widget.LinearLayout/android.widget.FrameLayout/android.widget.LinearLayout/android.widget.FrameLayout/android.widget.FrameLayout/android.widget.TabHost/android.widget.LinearLayout/android.widget.TabWidget/android.widget.RelativeLayout[4]
[2020-11-17 15:09:37,020] - [ERROR] - 未定位到元素：/hierarchy/android.widget.FrameLayout/android.widget.LinearLayout/android.widget.FrameLayout/android.widget.LinearLayout/android.widget.FrameLayout/android.widget.FrameLayout/android.widget.TabHost/android.widget.LinearLayout/android.widget.TabWidget/android.widget.RelativeLayout[4]
[2020-11-17 15:10:26,216] - [INFO] - 手机设备为：ea29b52f
[2020-11-17 15:10:26,317] - [INFO] - 手机版本号为：10

[2020-11-17 15:10:43,125] - [INFO] - 获取driver成功
[2020-11-17 15:11:21,286] - [INFO] - 查找到toast：用户名或密码错误
[2020-11-17 15:11:51,654] - [INFO] - 手机设备为：ea29b52f
[2020-11-17 15:11:51,776] - [INFO] - 手机版本号为：10

[2020-11-17 15:12:08,745] - [INFO] - 获取driver成功
[2020-11-17 15:12:08,910] - [ERROR] - 未定位到元素：/hierarchy/android.widget.FrameLayout/android.widget.LinearLayout/android.widget.FrameLayout/android.widget.LinearLayout/android.widget.FrameLayout/android.widget.FrameLayout/android.widget.TabHost/android.widget.LinearLayout/android.widget.TabWidget/android.widget.RelativeLayout[4]
[2020-11-17 15:12:08,967] - [ERROR] - 未定位到元素：/hierarchy/android.widget.FrameLayout/android.widget.LinearLayout/android.widget.FrameLayout/android.widget.LinearLayout/android.widget.FrameLayout/android.widget.FrameLayout/android.widget.TabHost/android.widget.LinearLayout/android.widget.TabWidget/android.widget.RelativeLayout[4]
[2020-11-17 15:19:03,502] - [INFO] - 手机设备为：ea29b52f
[2020-11-17 15:19:03,615] - [INFO] - 手机版本号为：10

[2020-11-17 15:19:19,515] - [INFO] - 获取driver成功
[2020-11-17 15:19:37,326] - [ERROR] - 未定位到元素：/hierarchy/android.widget.FrameLayout/android.widget.LinearLayout/android.widget.FrameLayout/android.widget.LinearLayout/android.widget.FrameLayout/android.widget.FrameLayout/android.widget.TabHost/android.widget.LinearLayout/android.widget.TabWidget/android.widget.RelativeLayout[4]
[2020-11-17 15:19:37,470] - [ERROR] - 未定位到元素：/hierarchy/android.widget.FrameLayout/android.widget.LinearLayout/android.widget.FrameLayout/android.widget.LinearLayout/android.widget.FrameLayout/android.widget.FrameLayout/android.widget.TabHost/android.widget.LinearLayout/android.widget.TabWidget/android.widget.RelativeLayout[4]
[2020-11-17 15:20:25,129] - [INFO] - 手机设备为：ea29b52f
[2020-11-17 15:20:25,219] - [INFO] - 手机版本号为：10

[2020-11-17 15:20:41,920] - [INFO] - 获取driver成功
[2020-11-17 15:21:21,445] - [INFO] - 查找到toast：用户名或密码错误
[2020-11-17 15:39:43,805] - [INFO] - 手机设备为：ea29b52f
[2020-11-17 15:39:43,922] - [INFO] - 手机版本号为：10

[2020-11-17 15:39:59,979] - [INFO] - 获取driver成功
[2020-11-17 15:40:46,277] - [ERROR] - 未查找到toast：用户名或密码错误
[2020-11-17 15:44:55,389] - [INFO] - 手机设备为：ea29b52f
[2020-11-17 15:44:55,499] - [INFO] - 手机版本号为：10

[2020-11-17 15:45:12,668] - [INFO] - 获取driver成功
[2020-11-17 15:45:52,278] - [INFO] - 查找到toast：用户名或密码错误
[2020-11-17 15:51:24,483] - [INFO] - 手机设备为：ea29b52f
[2020-11-17 15:51:24,577] - [INFO] - 手机版本号为：10

[2020-11-17 15:51:40,594] - [INFO] - 获取driver成功
[2020-11-17 15:52:08,442] - [ERROR] - 未定位到元素：/hierarchy/android.widget.FrameLayout/android.widget.LinearLayout/android.widget.FrameLayout/android.widget.LinearLayout/android.widget.FrameLayout/android.widget.FrameLayout/android.widget.TabHost/android.widget.LinearLayout/android.widget.TabWidget/android.widget.RelativeLayout[4]
[2020-11-17 15:52:08,493] - [ERROR] - 未定位到元素：com.sohu.focus.live:id/login_native_title_back
[2020-11-17 15:52:08,530] - [ERROR] - 未定位到元素：com.sohu.focus.live:id/login_native_title_back
[2020-11-17 15:52:08,589] - [ERROR] - 未定位到元素：com.sohu.focus.live:id/personal_information_layout
[2020-11-17 15:53:45,391] - [INFO] - 手机设备为：ea29b52f
[2020-11-17 15:53:45,474] - [INFO] - 手机版本号为：10

[2020-11-17 15:54:02,269] - [INFO] - 获取driver成功
[2020-11-17 15:54:38,495] - [ERROR] - 未定位到元素：com.sohu.focus.live:id/login_native_title_back
[2020-11-17 15:54:38,536] - [ERROR] - 未定位到元素：com.sohu.focus.live:id/login_native_title_back
[2020-11-17 15:54:38,585] - [ERROR] - 未定位到元素：com.sohu.focus.live:id/personal_information_layout
[2020-11-17 15:57:56,886] - [INFO] - 手机设备为：ea29b52f
[2020-11-17 15:57:57,007] - [INFO] - 手机版本号为：10

[2020-11-17 15:58:13,075] - [INFO] - 获取driver成功
[2020-11-17 15:58:51,433] - [INFO] - 查找到toast：用户名或密码错误
[2020-11-17 15:59:04,058] - [INFO] - 查找到toast：账号不存在
